<?xml version="1.0" encoding="UTF-8"?>
<testsuite xmlns:xsi="http://www.w3.org/2001/XMLSchema-instance" xsi:noNamespaceSchemaLocation="https://maven.apache.org/surefire/maven-surefire-plugin/xsd/surefire-test-report-3.0.xsd" version="3.0" name="CsvFileAdapterShould" time="0.479" tests="7" errors="0" skipped="0" failures="0">
  <properties>
[...]
</properties>
  <testcase name="return_true_for_a_valid_file" classname="CsvFileAdapterShould" time="0.001"/>
  <testcase name="throw_an_exception_when_the_file_contains_not_number_value" classname="CsvFileAdapterShould" time="0"/>
  <testcase name="return_false_for_a_non_valid_file" classname="CsvFileAdapterShould" time="0"/>
  <testcase name="returns_false_file_contains_not_number_value" classname="CsvFileAdapterShould" time="0"/>
  <testcase name="return_true_for_a_valid_file_with_a_hole" classname="CsvFileAdapterShould" time="0"/>
  <testcase name="throw_an_exception_when_the_file_does_not_exist" classname="CsvFileAdapterShould" time="0"/>
  <testcase name="returns_false__when_the_file_has_not_the_correct_size" classname="CsvFileAdapterShould" time="0.001"/>
</testsuite>